{"C:\\Users\\ASUS\\Desktop\\1030510721_BS435_WebProgramlama\\src\\App.css": {"path":"C:\\Users\\ASUS\\Desktop\\1030510721_BS435_WebProgramlama\\src\\App.css","statementMap":{},"fnMap":{},"branchMap":{},"s":{},"f":{},"b":{},"meta":{"lastBranch":0,"lastFunction":0,"lastStatement":0,"seen":{}}}
,"C:\\Users\\ASUS\\Desktop\\1030510721_BS435_WebProgramlama\\src\\App.tsx": {"path":"C:\\Users\\ASUS\\Desktop\\1030510721_BS435_WebProgramlama\\src\\App.tsx","statementMap":{"0":{"start":{"line":11,"column":34},"end":{"line":11,"column":null}},"1":{"start":{"line":12,"column":36},"end":{"line":12,"column":null}},"2":{"start":{"line":13,"column":40},"end":{"line":13,"column":null}},"3":{"start":{"line":15,"column":28},"end":{"line":19,"column":null}},"4":{"start":{"line":16,"column":8},"end":{"line":16,"column":null}},"5":{"start":{"line":17,"column":8},"end":{"line":17,"column":null}},"6":{"start":{"line":18,"column":8},"end":{"line":18,"column":null}},"7":{"start":{"line":20,"column":26},"end":{"line":23,"column":null}},"8":{"start":{"line":21,"column":8},"end":{"line":21,"column":null}},"9":{"start":{"line":22,"column":8},"end":{"line":22,"column":null}},"10":{"start":{"line":24,"column":26},"end":{"line":26,"column":null}},"11":{"start":{"line":25,"column":8},"end":{"line":25,"column":null}},"12":{"start":{"line":28,"column":4},"end":{"line":45,"column":null}}},"fnMap":{"0":{"name":"App","decl":{"start":{"line":10,"column":9},"end":{"line":10,"column":15}},"loc":{"start":{"line":10,"column":15},"end":{"line":47,"column":null}},"line":10},"1":{"name":"(anonymous_1)","decl":{"start":{"line":15,"column":28},"end":{"line":15,"column":29}},"loc":{"start":{"line":15,"column":47},"end":{"line":19,"column":null}},"line":15},"2":{"name":"(anonymous_2)","decl":{"start":{"line":20,"column":26},"end":{"line":20,"column":27}},"loc":{"start":{"line":20,"column":45},"end":{"line":23,"column":null}},"line":20},"3":{"name":"(anonymous_3)","decl":{"start":{"line":24,"column":26},"end":{"line":24,"column":32}},"loc":{"start":{"line":24,"column":32},"end":{"line":26,"column":null}},"line":24}},"branchMap":{"0":{"loc":{"start":{"line":30,"column":13},"end":{"line":31,"column":null}},"type":"binary-expr","locations":[{"start":{"line":30,"column":13},"end":{"line":30,"column":null}},{"start":{"line":31,"column":16},"end":{"line":31,"column":null}}],"line":30},"1":{"loc":{"start":{"line":34,"column":13},"end":{"line":35,"column":null}},"type":"binary-expr","locations":[{"start":{"line":34,"column":13},"end":{"line":34,"column":null}},{"start":{"line":35,"column":16},"end":{"line":35,"column":null}}],"line":34},"2":{"loc":{"start":{"line":38,"column":13},"end":{"line":43,"column":null}},"type":"binary-expr","locations":[{"start":{"line":38,"column":13},"end":{"line":38,"column":null}},{"start":{"line":39,"column":16},"end":{"line":43,"column":null}}],"line":38}},"s":{"0":3,"1":3,"2":3,"3":3,"4":1,"5":1,"6":1,"7":3,"8":0,"9":0,"10":3,"11":0,"12":3},"f":{"0":3,"1":1,"2":0,"3":0},"b":{"0":[3,2],"1":[3,1],"2":[3,0]},"meta":{"lastBranch":3,"lastFunction":4,"lastStatement":13,"seen":{"f:10:9:10:15":0,"s:11:34:11:Infinity":0,"s:12:36:12:Infinity":1,"s:13:40:13:Infinity":2,"s:15:28:19:Infinity":3,"f:15:28:15:29":1,"s:16:8:16:Infinity":4,"s:17:8:17:Infinity":5,"s:18:8:18:Infinity":6,"s:20:26:23:Infinity":7,"f:20:26:20:27":2,"s:21:8:21:Infinity":8,"s:22:8:22:Infinity":9,"s:24:26:26:Infinity":10,"f:24:26:24:32":3,"s:25:8:25:Infinity":11,"s:28:4:45:Infinity":12,"b:30:13:30:Infinity:31:16:31:Infinity":0,"b:34:13:34:Infinity:35:16:35:Infinity":1,"b:38:13:38:Infinity:39:16:43:Infinity":2}}}
,"C:\\Users\\ASUS\\Desktop\\1030510721_BS435_WebProgramlama\\src\\components\\GameScreen.tsx": {"path":"C:\\Users\\ASUS\\Desktop\\1030510721_BS435_WebProgramlama\\src\\components\\GameScreen.tsx","statementMap":{"0":{"start":{"line":10,"column":19},"end":{"line":197,"column":null}},"1":{"start":{"line":11,"column":56},"end":{"line":11,"column":null}},"2":{"start":{"line":12,"column":38},"end":{"line":12,"column":null}},"3":{"start":{"line":13,"column":48},"end":{"line":13,"column":null}},"4":{"start":{"line":14,"column":46},"end":{"line":14,"column":null}},"5":{"start":{"line":15,"column":46},"end":{"line":15,"column":null}},"6":{"start":{"line":16,"column":26},"end":{"line":16,"column":null}},"7":{"start":{"line":18,"column":23},"end":{"line":18,"column":null}},"8":{"start":{"line":19,"column":32},"end":{"line":19,"column":null}},"9":{"start":{"line":21,"column":28},"end":{"line":21,"column":null}},"10":{"start":{"line":22,"column":27},"end":{"line":22,"column":null}},"11":{"start":{"line":24,"column":23},"end":{"line":24,"column":null}},"12":{"start":{"line":25,"column":25},"end":{"line":25,"column":null}},"13":{"start":{"line":27,"column":4},"end":{"line":40,"column":null}},"14":{"start":{"line":28,"column":8},"end":{"line":28,"column":null}},"15":{"start":{"line":28,"column":84},"end":{"line":28,"column":null}},"16":{"start":{"line":30,"column":8},"end":{"line":33,"column":null}},"17":{"start":{"line":31,"column":12},"end":{"line":31,"column":null}},"18":{"start":{"line":32,"column":12},"end":{"line":32,"column":null}},"19":{"start":{"line":35,"column":24},"end":{"line":37,"column":null}},"20":{"start":{"line":36,"column":12},"end":{"line":36,"column":null}},"21":{"start":{"line":36,"column":34},"end":{"line":36,"column":42}},"22":{"start":{"line":39,"column":8},"end":{"line":39,"column":null}},"23":{"start":{"line":39,"column":21},"end":{"line":39,"column":null}},"24":{"start":{"line":42,"column":31},"end":{"line":53,"column":null}},"25":{"start":{"line":43,"column":8},"end":{"line":52,"column":null}},"26":{"start":{"line":44,"column":12},"end":{"line":44,"column":null}},"27":{"start":{"line":46,"column":12},"end":{"line":46,"column":null}},"28":{"start":{"line":46,"column":46},"end":{"line":46,"column":54}},"29":{"start":{"line":47,"column":12},"end":{"line":47,"column":null}},"30":{"start":{"line":48,"column":12},"end":{"line":48,"column":null}},"31":{"start":{"line":49,"column":12},"end":{"line":49,"column":null}},"32":{"start":{"line":50,"column":12},"end":{"line":50,"column":null}},"33":{"start":{"line":51,"column":12},"end":{"line":51,"column":null}},"34":{"start":{"line":55,"column":29},"end":{"line":78,"column":null}},"35":{"start":{"line":56,"column":8},"end":{"line":56,"column":null}},"36":{"start":{"line":56,"column":104},"end":{"line":56,"column":null}},"37":{"start":{"line":58,"column":8},"end":{"line":58,"column":null}},"38":{"start":{"line":60,"column":8},"end":{"line":77,"column":null}},"39":{"start":{"line":61,"column":12},"end":{"line":61,"column":null}},"40":{"start":{"line":62,"column":12},"end":{"line":62,"column":null}},"41":{"start":{"line":62,"column":36},"end":{"line":62,"column":49}},"42":{"start":{"line":64,"column":12},"end":{"line":76,"column":null}},"43":{"start":{"line":65,"column":16},"end":{"line":65,"column":null}},"44":{"start":{"line":66,"column":16},"end":{"line":66,"column":null}},"45":{"start":{"line":66,"column":45},"end":{"line":66,"column":65}},"46":{"start":{"line":68,"column":38},"end":{"line":68,"column":null}},"47":{"start":{"line":69,"column":16},"end":{"line":69,"column":null}},"48":{"start":{"line":70,"column":16},"end":{"line":70,"column":null}},"49":{"start":{"line":70,"column":45},"end":{"line":70,"column":65}},"50":{"start":{"line":71,"column":16},"end":{"line":75,"column":null}},"51":{"start":{"line":72,"column":20},"end":{"line":72,"column":null}},"52":{"start":{"line":74,"column":20},"end":{"line":74,"column":null}},"53":{"start":{"line":80,"column":4},"end":{"line":195,"column":null}},"54":{"start":{"line":117,"column":43},"end":{"line":117,"column":null}},"55":{"start":{"line":118,"column":39},"end":{"line":118,"column":null}},"56":{"start":{"line":119,"column":26},"end":{"line":119,"column":null}},"57":{"start":{"line":121,"column":20},"end":{"line":158,"column":null}},"58":{"start":{"line":124,"column":43},"end":{"line":124,"column":null}},"59":{"start":{"line":167,"column":101},"end":{"line":167,"column":109}},"60":{"start":{"line":192,"column":56},"end":{"line":192,"column":66}}},"fnMap":{"0":{"name":"(anonymous_0)","decl":{"start":{"line":10,"column":19},"end":{"line":10,"column":20}},"loc":{"start":{"line":10,"column":55},"end":{"line":197,"column":null}},"line":10},"1":{"name":"(anonymous_1)","decl":{"start":{"line":27,"column":14},"end":{"line":27,"column":20}},"loc":{"start":{"line":27,"column":20},"end":{"line":40,"column":7}},"line":27},"2":{"name":"(anonymous_2)","decl":{"start":{"line":35,"column":36},"end":{"line":35,"column":42}},"loc":{"start":{"line":35,"column":42},"end":{"line":37,"column":11}},"line":35},"3":{"name":"(anonymous_3)","decl":{"start":{"line":36,"column":24},"end":{"line":36,"column":25}},"loc":{"start":{"line":36,"column":34},"end":{"line":36,"column":42}},"line":36},"4":{"name":"(anonymous_4)","decl":{"start":{"line":39,"column":15},"end":{"line":39,"column":21}},"loc":{"start":{"line":39,"column":21},"end":{"line":39,"column":null}},"line":39},"5":{"name":"(anonymous_5)","decl":{"start":{"line":42,"column":31},"end":{"line":42,"column":37}},"loc":{"start":{"line":42,"column":37},"end":{"line":53,"column":null}},"line":42},"6":{"name":"(anonymous_6)","decl":{"start":{"line":46,"column":36},"end":{"line":46,"column":37}},"loc":{"start":{"line":46,"column":46},"end":{"line":46,"column":54}},"line":46},"7":{"name":"(anonymous_7)","decl":{"start":{"line":55,"column":29},"end":{"line":55,"column":30}},"loc":{"start":{"line":55,"column":54},"end":{"line":78,"column":null}},"line":55},"8":{"name":"(anonymous_8)","decl":{"start":{"line":62,"column":21},"end":{"line":62,"column":22}},"loc":{"start":{"line":62,"column":36},"end":{"line":62,"column":49}},"line":62},"9":{"name":"(anonymous_9)","decl":{"start":{"line":66,"column":35},"end":{"line":66,"column":36}},"loc":{"start":{"line":66,"column":45},"end":{"line":66,"column":65}},"line":66},"10":{"name":"(anonymous_10)","decl":{"start":{"line":70,"column":35},"end":{"line":70,"column":36}},"loc":{"start":{"line":70,"column":45},"end":{"line":70,"column":65}},"line":70},"11":{"name":"(anonymous_11)","decl":{"start":{"line":116,"column":45},"end":{"line":116,"column":46}},"loc":{"start":{"line":116,"column":57},"end":{"line":160,"column":17}},"line":116},"12":{"name":"(anonymous_12)","decl":{"start":{"line":124,"column":37},"end":{"line":124,"column":43}},"loc":{"start":{"line":124,"column":43},"end":{"line":124,"column":null}},"line":124},"13":{"name":"(anonymous_13)","decl":{"start":{"line":167,"column":94},"end":{"line":167,"column":101}},"loc":{"start":{"line":167,"column":101},"end":{"line":167,"column":109}},"line":167},"14":{"name":"(anonymous_14)","decl":{"start":{"line":192,"column":50},"end":{"line":192,"column":56}},"loc":{"start":{"line":192,"column":56},"end":{"line":192,"column":66}},"line":192}},"branchMap":{"0":{"loc":{"start":{"line":28,"column":8},"end":{"line":28,"column":null}},"type":"if","locations":[{"start":{"line":28,"column":8},"end":{"line":28,"column":null}},{"start":{},"end":{}}],"line":28},"1":{"loc":{"start":{"line":28,"column":12},"end":{"line":28,"column":84}},"type":"binary-expr","locations":[{"start":{"line":28,"column":12},"end":{"line":28,"column":30}},{"start":{"line":28,"column":30},"end":{"line":28,"column":59}},{"start":{"line":28,"column":59},"end":{"line":28,"column":84}}],"line":28},"2":{"loc":{"start":{"line":30,"column":8},"end":{"line":33,"column":null}},"type":"if","locations":[{"start":{"line":30,"column":8},"end":{"line":33,"column":null}},{"start":{},"end":{}}],"line":30},"3":{"loc":{"start":{"line":43,"column":8},"end":{"line":52,"column":null}},"type":"if","locations":[{"start":{"line":43,"column":8},"end":{"line":52,"column":null}},{"start":{"line":45,"column":15},"end":{"line":52,"column":null}}],"line":43},"4":{"loc":{"start":{"line":56,"column":8},"end":{"line":56,"column":null}},"type":"if","locations":[{"start":{"line":56,"column":8},"end":{"line":56,"column":null}},{"start":{},"end":{}}],"line":56},"5":{"loc":{"start":{"line":56,"column":12},"end":{"line":56,"column":104}},"type":"binary-expr","locations":[{"start":{"line":56,"column":12},"end":{"line":56,"column":41}},{"start":{"line":56,"column":41},"end":{"line":56,"column":67}},{"start":{"line":56,"column":67},"end":{"line":56,"column":104}}],"line":56},"6":{"loc":{"start":{"line":60,"column":8},"end":{"line":77,"column":null}},"type":"if","locations":[{"start":{"line":60,"column":8},"end":{"line":77,"column":null}},{"start":{"line":63,"column":15},"end":{"line":77,"column":null}}],"line":60},"7":{"loc":{"start":{"line":64,"column":12},"end":{"line":76,"column":null}},"type":"if","locations":[{"start":{"line":64,"column":12},"end":{"line":76,"column":null}},{"start":{"line":67,"column":19},"end":{"line":76,"column":null}}],"line":64},"8":{"loc":{"start":{"line":71,"column":16},"end":{"line":75,"column":null}},"type":"if","locations":[{"start":{"line":71,"column":16},"end":{"line":75,"column":null}},{"start":{"line":73,"column":23},"end":{"line":75,"column":null}}],"line":71},"9":{"loc":{"start":{"line":88,"column":31},"end":{"line":88,"column":null}},"type":"cond-expr","locations":[{"start":{"line":88,"column":44},"end":{"line":88,"column":53}},{"start":{"line":88,"column":53},"end":{"line":88,"column":null}}],"line":88},"10":{"loc":{"start":{"line":88,"column":53},"end":{"line":88,"column":null}},"type":"cond-expr","locations":[{"start":{"line":88,"column":68},"end":{"line":88,"column":80}},{"start":{"line":88,"column":80},"end":{"line":88,"column":null}}],"line":88},"11":{"loc":{"start":{"line":90,"column":30},"end":{"line":90,"column":null}},"type":"cond-expr","locations":[{"start":{"line":90,"column":43},"end":{"line":90,"column":57}},{"start":{"line":90,"column":57},"end":{"line":90,"column":null}}],"line":90},"12":{"loc":{"start":{"line":90,"column":57},"end":{"line":90,"column":null}},"type":"cond-expr","locations":[{"start":{"line":90,"column":72},"end":{"line":90,"column":88}},{"start":{"line":90,"column":88},"end":{"line":90,"column":null}}],"line":90},"13":{"loc":{"start":{"line":97,"column":13},"end":{"line":105,"column":null}},"type":"binary-expr","locations":[{"start":{"line":97,"column":13},"end":{"line":97,"column":null}},{"start":{"line":98,"column":16},"end":{"line":105,"column":null}}],"line":97},"14":{"loc":{"start":{"line":102,"column":41},"end":{"line":102,"column":null}},"type":"cond-expr","locations":[{"start":{"line":102,"column":56},"end":{"line":102,"column":64}},{"start":{"line":102,"column":64},"end":{"line":102,"column":null}}],"line":102},"15":{"loc":{"start":{"line":109,"column":17},"end":{"line":112,"column":null}},"type":"cond-expr","locations":[{"start":{"line":110,"column":20},"end":{"line":110,"column":null}},{"start":{"line":112,"column":20},"end":{"line":112,"column":null}}],"line":109},"16":{"loc":{"start":{"line":110,"column":39},"end":{"line":110,"column":73}},"type":"cond-expr","locations":[{"start":{"line":110,"column":54},"end":{"line":110,"column":62}},{"start":{"line":110,"column":62},"end":{"line":110,"column":73}}],"line":110},"17":{"loc":{"start":{"line":112,"column":20},"end":{"line":112,"column":null}},"type":"binary-expr","locations":[{"start":{"line":112,"column":20},"end":{"line":112,"column":35}},{"start":{"line":112,"column":35},"end":{"line":112,"column":null}}],"line":112},"18":{"loc":{"start":{"line":119,"column":26},"end":{"line":119,"column":null}},"type":"binary-expr","locations":[{"start":{"line":119,"column":35},"end":{"line":119,"column":54}},{"start":{"line":119,"column":54},"end":{"line":119,"column":69}},{"start":{"line":119,"column":69},"end":{"line":119,"column":96}},{"start":{"line":119,"column":96},"end":{"line":119,"column":125}},{"start":{"line":119,"column":125},"end":{"line":119,"column":null}}],"line":119},"19":{"loc":{"start":{"line":127,"column":32},"end":{"line":130,"column":null}},"type":"cond-expr","locations":[{"start":{"line":128,"column":109},"end":{"line":128,"column":null}},{"start":{"line":129,"column":40},"end":{"line":130,"column":null}}],"line":127},"20":{"loc":{"start":{"line":127,"column":32},"end":{"line":128,"column":109}},"type":"binary-expr","locations":[{"start":{"line":128,"column":38},"end":{"line":128,"column":67}},{"start":{"line":128,"column":67},"end":{"line":128,"column":94}},{"start":{"line":128,"column":94},"end":{"line":128,"column":109}}],"line":127},"21":{"loc":{"start":{"line":129,"column":40},"end":{"line":130,"column":null}},"type":"cond-expr","locations":[{"start":{"line":129,"column":48},"end":{"line":129,"column":null}},{"start":{"line":130,"column":44},"end":{"line":130,"column":null}}],"line":129},"22":{"loc":{"start":{"line":131,"column":41},"end":{"line":131,"column":null}},"type":"cond-expr","locations":[{"start":{"line":131,"column":114},"end":{"line":131,"column":126}},{"start":{"line":131,"column":126},"end":{"line":131,"column":null}}],"line":131},"23":{"loc":{"start":{"line":131,"column":41},"end":{"line":131,"column":114}},"type":"binary-expr","locations":[{"start":{"line":131,"column":41},"end":{"line":131,"column":59}},{"start":{"line":131,"column":59},"end":{"line":131,"column":88}},{"start":{"line":131,"column":88},"end":{"line":131,"column":114}}],"line":131},"24":{"loc":{"start":{"line":132,"column":41},"end":{"line":132,"column":null}},"type":"cond-expr","locations":[{"start":{"line":132,"column":49},"end":{"line":132,"column":57}},{"start":{"line":132,"column":49},"end":{"line":132,"column":null}}],"line":132},"25":{"loc":{"start":{"line":132,"column":49},"end":{"line":132,"column":null}},"type":"cond-expr","locations":[{"start":{"line":132,"column":128},"end":{"line":132,"column":134}},{"start":{"line":132,"column":134},"end":{"line":132,"column":null}}],"line":132},"26":{"loc":{"start":{"line":132,"column":49},"end":{"line":132,"column":128}},"type":"binary-expr","locations":[{"start":{"line":132,"column":57},"end":{"line":132,"column":86}},{"start":{"line":132,"column":86},"end":{"line":132,"column":113}},{"start":{"line":132,"column":113},"end":{"line":132,"column":128}}],"line":132},"27":{"loc":{"start":{"line":133,"column":47},"end":{"line":133,"column":null}},"type":"cond-expr","locations":[{"start":{"line":133,"column":55},"end":{"line":133,"column":64}},{"start":{"line":133,"column":64},"end":{"line":133,"column":null}}],"line":133},"28":{"loc":{"start":{"line":136,"column":30},"end":{"line":143,"column":null}},"type":"binary-expr","locations":[{"start":{"line":136,"column":30},"end":{"line":136,"column":56}},{"start":{"line":136,"column":56},"end":{"line":136,"column":86}},{"start":{"line":136,"column":86},"end":{"line":136,"column":null}},{"start":{"line":137,"column":32},"end":{"line":143,"column":null}}],"line":136},"29":{"loc":{"start":{"line":145,"column":29},"end":{"line":151,"column":null}},"type":"binary-expr","locations":[{"start":{"line":145,"column":29},"end":{"line":145,"column":null}},{"start":{"line":146,"column":32},"end":{"line":151,"column":null}}],"line":145},"30":{"loc":{"start":{"line":164,"column":17},"end":{"line":168,"column":null}},"type":"binary-expr","locations":[{"start":{"line":164,"column":17},"end":{"line":164,"column":null}},{"start":{"line":165,"column":20},"end":{"line":168,"column":null}}],"line":164},"31":{"loc":{"start":{"line":170,"column":17},"end":{"line":180,"column":null}},"type":"binary-expr","locations":[{"start":{"line":170,"column":17},"end":{"line":170,"column":null}},{"start":{"line":171,"column":20},"end":{"line":180,"column":null}}],"line":170},"32":{"loc":{"start":{"line":172,"column":29},"end":{"line":172,"column":126}},"type":"cond-expr","locations":[{"start":{"line":172,"column":61},"end":{"line":172,"column":78}},{"start":{"line":172,"column":78},"end":{"line":172,"column":126}}],"line":172},"33":{"loc":{"start":{"line":172,"column":29},"end":{"line":172,"column":61}},"type":"binary-expr","locations":[{"start":{"line":172,"column":29},"end":{"line":172,"column":46}},{"start":{"line":172,"column":46},"end":{"line":172,"column":61}}],"line":172},"34":{"loc":{"start":{"line":172,"column":78},"end":{"line":172,"column":126}},"type":"cond-expr","locations":[{"start":{"line":172,"column":91},"end":{"line":172,"column":103}},{"start":{"line":172,"column":103},"end":{"line":172,"column":126}}],"line":172},"35":{"loc":{"start":{"line":174,"column":29},"end":{"line":175,"column":null}},"type":"cond-expr","locations":[{"start":{"line":174,"column":61},"end":{"line":174,"column":null}},{"start":{"line":175,"column":32},"end":{"line":175,"column":null}}],"line":174},"36":{"loc":{"start":{"line":174,"column":29},"end":{"line":174,"column":61}},"type":"binary-expr","locations":[{"start":{"line":174,"column":29},"end":{"line":174,"column":46}},{"start":{"line":174,"column":46},"end":{"line":174,"column":61}}],"line":174},"37":{"loc":{"start":{"line":175,"column":32},"end":{"line":175,"column":null}},"type":"cond-expr","locations":[{"start":{"line":175,"column":45},"end":{"line":175,"column":83}},{"start":{"line":175,"column":83},"end":{"line":175,"column":null}}],"line":175},"38":{"loc":{"start":{"line":178,"column":29},"end":{"line":178,"column":null}},"type":"cond-expr","locations":[{"start":{"line":178,"column":46},"end":{"line":178,"column":64}},{"start":{"line":178,"column":64},"end":{"line":178,"column":null}}],"line":178},"39":{"loc":{"start":{"line":182,"column":17},"end":{"line":188,"column":null}},"type":"binary-expr","locations":[{"start":{"line":182,"column":17},"end":{"line":182,"column":null}},{"start":{"line":183,"column":20},"end":{"line":188,"column":null}}],"line":182},"40":{"loc":{"start":{"line":186,"column":29},"end":{"line":186,"column":null}},"type":"cond-expr","locations":[{"start":{"line":186,"column":46},"end":{"line":186,"column":62}},{"start":{"line":186,"column":62},"end":{"line":186,"column":null}}],"line":186}},"s":{"0":1,"1":1,"2":1,"3":1,"4":1,"5":1,"6":1,"7":1,"8":1,"9":1,"10":1,"11":1,"12":1,"13":1,"14":1,"15":1,"16":0,"17":0,"18":0,"19":0,"20":0,"21":0,"22":0,"23":0,"24":1,"25":0,"26":0,"27":0,"28":0,"29":0,"30":0,"31":0,"32":0,"33":0,"34":1,"35":0,"36":0,"37":0,"38":0,"39":0,"40":0,"41":0,"42":0,"43":0,"44":0,"45":0,"46":0,"47":0,"48":0,"49":0,"50":0,"51":0,"52":0,"53":1,"54":3,"55":3,"56":3,"57":3,"58":0,"59":0,"60":0},"f":{"0":1,"1":1,"2":0,"3":0,"4":0,"5":0,"6":0,"7":0,"8":0,"9":0,"10":0,"11":3,"12":0,"13":0,"14":0},"b":{"0":[1,0],"1":[1,0,0],"2":[0,0],"3":[0,0],"4":[0,0],"5":[0,0,0],"6":[0,0],"7":[0,0],"8":[0,0],"9":[0,1],"10":[0,1],"11":[0,1],"12":[0,1],"13":[1,0],"14":[0,0],"15":[0,1],"16":[0,0],"17":[1,1],"18":[3,3,0,0,0],"19":[0,3],"20":[3,3,0],"21":[0,3],"22":[0,3],"23":[3,3,3],"24":[0,3],"25":[0,3],"26":[3,3,0],"27":[0,3],"28":[3,3,0,0],"29":[3,0],"30":[1,0],"31":[1,0],"32":[0,0],"33":[0,0],"34":[0,0],"35":[0,0],"36":[0,0],"37":[0,0],"38":[0,0],"39":[1,0],"40":[0,0]},"meta":{"lastBranch":41,"lastFunction":15,"lastStatement":61,"seen":{"s:10:19:197:Infinity":0,"f:10:19:10:20":0,"s:11:56:11:Infinity":1,"s:12:38:12:Infinity":2,"s:13:48:13:Infinity":3,"s:14:46:14:Infinity":4,"s:15:46:15:Infinity":5,"s:16:26:16:Infinity":6,"s:18:23:18:Infinity":7,"s:19:32:19:Infinity":8,"s:21:28:21:Infinity":9,"s:22:27:22:Infinity":10,"s:24:23:24:Infinity":11,"s:25:25:25:Infinity":12,"s:27:4:40:Infinity":13,"f:27:14:27:20":1,"b:28:8:28:Infinity:undefined:undefined:undefined:undefined":0,"s:28:8:28:Infinity":14,"b:28:12:28:30:28:30:28:59:28:59:28:84":1,"s:28:84:28:Infinity":15,"b:30:8:33:Infinity:undefined:undefined:undefined:undefined":2,"s:30:8:33:Infinity":16,"s:31:12:31:Infinity":17,"s:32:12:32:Infinity":18,"s:35:24:37:Infinity":19,"f:35:36:35:42":2,"s:36:12:36:Infinity":20,"f:36:24:36:25":3,"s:36:34:36:42":21,"s:39:8:39:Infinity":22,"f:39:15:39:21":4,"s:39:21:39:Infinity":23,"s:42:31:53:Infinity":24,"f:42:31:42:37":5,"b:43:8:52:Infinity:45:15:52:Infinity":3,"s:43:8:52:Infinity":25,"s:44:12:44:Infinity":26,"s:46:12:46:Infinity":27,"f:46:36:46:37":6,"s:46:46:46:54":28,"s:47:12:47:Infinity":29,"s:48:12:48:Infinity":30,"s:49:12:49:Infinity":31,"s:50:12:50:Infinity":32,"s:51:12:51:Infinity":33,"s:55:29:78:Infinity":34,"f:55:29:55:30":7,"b:56:8:56:Infinity:undefined:undefined:undefined:undefined":4,"s:56:8:56:Infinity":35,"b:56:12:56:41:56:41:56:67:56:67:56:104":5,"s:56:104:56:Infinity":36,"s:58:8:58:Infinity":37,"b:60:8:77:Infinity:63:15:77:Infinity":6,"s:60:8:77:Infinity":38,"s:61:12:61:Infinity":39,"s:62:12:62:Infinity":40,"f:62:21:62:22":8,"s:62:36:62:49":41,"b:64:12:76:Infinity:67:19:76:Infinity":7,"s:64:12:76:Infinity":42,"s:65:16:65:Infinity":43,"s:66:16:66:Infinity":44,"f:66:35:66:36":9,"s:66:45:66:65":45,"s:68:38:68:Infinity":46,"s:69:16:69:Infinity":47,"s:70:16:70:Infinity":48,"f:70:35:70:36":10,"s:70:45:70:65":49,"b:71:16:75:Infinity:73:23:75:Infinity":8,"s:71:16:75:Infinity":50,"s:72:20:72:Infinity":51,"s:74:20:74:Infinity":52,"s:80:4:195:Infinity":53,"b:88:44:88:53:88:53:88:Infinity":9,"b:88:68:88:80:88:80:88:Infinity":10,"b:90:43:90:57:90:57:90:Infinity":11,"b:90:72:90:88:90:88:90:Infinity":12,"b:97:13:97:Infinity:98:16:105:Infinity":13,"b:102:56:102:64:102:64:102:Infinity":14,"b:110:20:110:Infinity:112:20:112:Infinity":15,"b:110:54:110:62:110:62:110:73":16,"b:112:20:112:35:112:35:112:Infinity":17,"f:116:45:116:46":11,"s:117:43:117:Infinity":54,"s:118:39:118:Infinity":55,"s:119:26:119:Infinity":56,"b:119:35:119:54:119:54:119:69:119:69:119:96:119:96:119:125:119:125:119:Infinity":18,"s:121:20:158:Infinity":57,"f:124:37:124:43":12,"s:124:43:124:Infinity":58,"b:128:109:128:Infinity:129:40:130:Infinity":19,"b:128:38:128:67:128:67:128:94:128:94:128:109":20,"b:129:48:129:Infinity:130:44:130:Infinity":21,"b:131:114:131:126:131:126:131:Infinity":22,"b:131:41:131:59:131:59:131:88:131:88:131:114":23,"b:132:49:132:57:132:49:132:Infinity":24,"b:132:128:132:134:132:134:132:Infinity":25,"b:132:57:132:86:132:86:132:113:132:113:132:128":26,"b:133:55:133:64:133:64:133:Infinity":27,"b:136:30:136:56:136:56:136:86:136:86:136:Infinity:137:32:143:Infinity":28,"b:145:29:145:Infinity:146:32:151:Infinity":29,"b:164:17:164:Infinity:165:20:168:Infinity":30,"f:167:94:167:101":13,"s:167:101:167:109":59,"b:170:17:170:Infinity:171:20:180:Infinity":31,"b:172:61:172:78:172:78:172:126":32,"b:172:29:172:46:172:46:172:61":33,"b:172:91:172:103:172:103:172:126":34,"b:174:61:174:Infinity:175:32:175:Infinity":35,"b:174:29:174:46:174:46:174:61":36,"b:175:45:175:83:175:83:175:Infinity":37,"b:178:46:178:64:178:64:178:Infinity":38,"b:182:17:182:Infinity:183:20:188:Infinity":39,"b:186:46:186:62:186:62:186:Infinity":40,"f:192:50:192:56":14,"s:192:56:192:66":60}}}
,"C:\\Users\\ASUS\\Desktop\\1030510721_BS435_WebProgramlama\\src\\components\\ResultScreen.tsx": {"path":"C:\\Users\\ASUS\\Desktop\\1030510721_BS435_WebProgramlama\\src\\components\\ResultScreen.tsx","statementMap":{"0":{"start":{"line":7,"column":21},"end":{"line":39,"column":null}},"1":{"start":{"line":8,"column":25},"end":{"line":8,"column":null}},"2":{"start":{"line":10,"column":18},"end":{"line":10,"column":null}},"3":{"start":{"line":11,"column":16},"end":{"line":11,"column":null}},"4":{"start":{"line":13,"column":4},"end":{"line":22,"column":null}},"5":{"start":{"line":14,"column":8},"end":{"line":14,"column":null}},"6":{"start":{"line":15,"column":8},"end":{"line":15,"column":null}},"7":{"start":{"line":16,"column":4},"end":{"line":22,"column":null}},"8":{"start":{"line":17,"column":8},"end":{"line":17,"column":null}},"9":{"start":{"line":18,"column":8},"end":{"line":18,"column":null}},"10":{"start":{"line":20,"column":8},"end":{"line":20,"column":null}},"11":{"start":{"line":21,"column":8},"end":{"line":21,"column":null}},"12":{"start":{"line":24,"column":4},"end":{"line":37,"column":null}}},"fnMap":{"0":{"name":"(anonymous_0)","decl":{"start":{"line":7,"column":21},"end":{"line":7,"column":22}},"loc":{"start":{"line":7,"column":82},"end":{"line":39,"column":null}},"line":7}},"branchMap":{"0":{"loc":{"start":{"line":13,"column":4},"end":{"line":22,"column":null}},"type":"if","locations":[{"start":{"line":13,"column":4},"end":{"line":22,"column":null}},{"start":{"line":16,"column":4},"end":{"line":22,"column":null}}],"line":13},"1":{"loc":{"start":{"line":16,"column":4},"end":{"line":22,"column":null}},"type":"if","locations":[{"start":{"line":16,"column":4},"end":{"line":22,"column":null}},{"start":{"line":19,"column":11},"end":{"line":22,"column":null}}],"line":16}},"s":{"0":2,"1":3,"2":3,"3":3,"4":3,"5":1,"6":1,"7":2,"8":2,"9":2,"10":0,"11":0,"12":3},"f":{"0":3},"b":{"0":[1,2],"1":[2,0]},"meta":{"lastBranch":2,"lastFunction":1,"lastStatement":13,"seen":{"s:7:21:39:Infinity":0,"f:7:21:7:22":0,"s:8:25:8:Infinity":1,"s:10:18:10:Infinity":2,"s:11:16:11:Infinity":3,"b:13:4:22:Infinity:16:4:22:Infinity":0,"s:13:4:22:Infinity":4,"s:14:8:14:Infinity":5,"s:15:8:15:Infinity":6,"b:16:4:22:Infinity:19:11:22:Infinity":1,"s:16:4:22:Infinity":7,"s:17:8:17:Infinity":8,"s:18:8:18:Infinity":9,"s:20:8:20:Infinity":10,"s:21:8:21:Infinity":11,"s:24:4:37:Infinity":12}}}
,"C:\\Users\\ASUS\\Desktop\\1030510721_BS435_WebProgramlama\\src\\components\\StartScreen.tsx": {"path":"C:\\Users\\ASUS\\Desktop\\1030510721_BS435_WebProgramlama\\src\\components\\StartScreen.tsx","statementMap":{"0":{"start":{"line":7,"column":20},"end":{"line":41,"column":null}},"1":{"start":{"line":8,"column":4},"end":{"line":39,"column":null}},"2":{"start":{"line":18,"column":35},"end":{"line":18,"column":null}},"3":{"start":{"line":25,"column":35},"end":{"line":25,"column":null}},"4":{"start":{"line":32,"column":35},"end":{"line":32,"column":null}}},"fnMap":{"0":{"name":"(anonymous_0)","decl":{"start":{"line":7,"column":20},"end":{"line":7,"column":21}},"loc":{"start":{"line":7,"column":52},"end":{"line":41,"column":null}},"line":7},"1":{"name":"(anonymous_1)","decl":{"start":{"line":18,"column":29},"end":{"line":18,"column":35}},"loc":{"start":{"line":18,"column":35},"end":{"line":18,"column":null}},"line":18},"2":{"name":"(anonymous_2)","decl":{"start":{"line":25,"column":29},"end":{"line":25,"column":35}},"loc":{"start":{"line":25,"column":35},"end":{"line":25,"column":null}},"line":25},"3":{"name":"(anonymous_3)","decl":{"start":{"line":32,"column":29},"end":{"line":32,"column":35}},"loc":{"start":{"line":32,"column":35},"end":{"line":32,"column":null}},"line":32}},"branchMap":{},"s":{"0":2,"1":4,"2":2,"3":1,"4":1},"f":{"0":4,"1":2,"2":1,"3":1},"b":{},"meta":{"lastBranch":0,"lastFunction":4,"lastStatement":5,"seen":{"s:7:20:41:Infinity":0,"f:7:20:7:21":0,"s:8:4:39:Infinity":1,"f:18:29:18:35":1,"s:18:35:18:Infinity":2,"f:25:29:25:35":2,"s:25:35:25:Infinity":3,"f:32:29:32:35":3,"s:32:35:32:Infinity":4}}}
,"C:\\Users\\ASUS\\Desktop\\1030510721_BS435_WebProgramlama\\src\\data\\questions.ts": {"path":"C:\\Users\\ASUS\\Desktop\\1030510721_BS435_WebProgramlama\\src\\data\\questions.ts","statementMap":{"0":{"start":{"line":13,"column":37},"end":{"line":56,"column":null}}},"fnMap":{},"branchMap":{},"s":{"0":1},"f":{},"b":{},"meta":{"lastBranch":0,"lastFunction":0,"lastStatement":1,"seen":{"s:13:37:56:Infinity":0}}}
}
